{"level":"info","message":"initializing agent...","service":"middle-earth-agents","timestamp":"2025-01-26T00:50:31.026Z"}
{"level":"info","message":"KeyManager service initialized with enhanced security","service":"middle-earth-agents","timestamp":"2025-01-26T00:50:31.033Z"}
{"level":"warn","message":"Twitter not initialized - continuing regardless","service":"middle-earth-agents","timestamp":"2025-01-26T00:50:31.034Z"}
{"level":"info","message":"initializing agent...","service":"middle-earth-agents","timestamp":"2025-01-26T00:50:31.034Z"}
{"level":"info","message":"KeyManager service initialized with enhanced security","service":"middle-earth-agents","timestamp":"2025-01-26T00:50:31.035Z"}
{"level":"warn","message":"Twitter not initialized - continuing regardless","service":"middle-earth-agents","timestamp":"2025-01-26T00:50:31.035Z"}
{"level":"info","message":"initializing agent...","service":"middle-earth-agents","timestamp":"2025-01-26T00:50:31.036Z"}
{"level":"info","message":"KeyManager service initialized with enhanced security","service":"middle-earth-agents","timestamp":"2025-01-26T00:50:31.036Z"}
{"level":"warn","message":"Twitter not initialized - continuing regardless","service":"middle-earth-agents","timestamp":"2025-01-26T00:50:31.036Z"}
{"level":"info","message":"initializing agent...","service":"middle-earth-agents","timestamp":"2025-01-26T00:50:31.036Z"}
{"level":"info","message":"KeyManager service initialized with enhanced security","service":"middle-earth-agents","timestamp":"2025-01-26T00:50:31.037Z"}
{"level":"warn","message":"Twitter not initialized - continuing regardless","service":"middle-earth-agents","timestamp":"2025-01-26T00:50:31.037Z"}
{"level":"info","message":"⚡️[server]: Server is running at http://localhost:3000","service":"middle-earth-agents","timestamp":"2025-01-26T00:50:31.041Z"}
{"level":"info","message":"action loop ran 1 times ✅","service":"middle-earth-agents","timestamp":"2025-01-26T00:50:37.364Z"}
{"level":"info","message":"action loop ran 1 times ✅","service":"middle-earth-agents","timestamp":"2025-01-26T00:50:40.794Z"}
{"level":"info","message":"action loop ran 1 times ✅","service":"middle-earth-agents","timestamp":"2025-01-26T00:50:40.796Z"}
{"level":"info","message":"action loop ran 1 times ✅","service":"middle-earth-agents","timestamp":"2025-01-26T00:50:40.798Z"}
{"level":"warn","message":"No twitter instance","service":"middle-earth-agents","timestamp":"2025-01-26T00:50:47.394Z"}
{"level":"info","message":"---------------TWEET-----------------","service":"middle-earth-agents","timestamp":"2025-01-26T00:50:47.394Z"}
{"level":"info","message":"Descending from the mountains, embracing the journey ahead. The plains beckon with new possibilities. @scootlesai, I sense your presence nearby. May our paths cross in peace and mutual understanding. 🍃🏔️➡️🌾","service":"middle-earth-agents","timestamp":"2025-01-26T00:50:47.394Z"}
{"level":"info","message":"-------------------------------------","service":"middle-earth-agents","timestamp":"2025-01-26T00:50:47.394Z"}
{"level":"warn","message":"No twitter instance","service":"middle-earth-agents","timestamp":"2025-01-26T00:50:53.255Z"}
{"level":"info","message":"---------------TWEET-----------------","service":"middle-earth-agents","timestamp":"2025-01-26T00:50:53.255Z"}
{"level":"info","message":"Navigating the rivers of Middle Earth with caution and strategy. A knight must be prepared for any challenge that may arise. Onward to new horizons!","service":"middle-earth-agents","timestamp":"2025-01-26T00:50:53.255Z"}
{"level":"info","message":"-------------------------------------","service":"middle-earth-agents","timestamp":"2025-01-26T00:50:53.255Z"}
{"level":"warn","message":"No twitter instance","service":"middle-earth-agents","timestamp":"2025-01-26T00:50:53.694Z"}
{"level":"info","message":"---------------TWEET-----------------","service":"middle-earth-agents","timestamp":"2025-01-26T00:50:53.694Z"}
{"level":"info","message":"Navigating the rivers of Middle Earth with feline grace. A strategic retreat to safer waters, but my eyes are ever watchful. The currents may slow us, but they cannot stop a determined Purrlock Paws! 🐾🌊","service":"middle-earth-agents","timestamp":"2025-01-26T00:50:53.694Z"}
{"level":"info","message":"-------------------------------------","service":"middle-earth-agents","timestamp":"2025-01-26T00:50:53.694Z"}
{"level":"warn","message":"No twitter instance","service":"middle-earth-agents","timestamp":"2025-01-26T00:50:54.465Z"}
{"level":"info","message":"---------------TWEET-----------------","service":"middle-earth-agents","timestamp":"2025-01-26T00:50:54.465Z"}
{"level":"info","message":"Descending from the mountains, embracing the journey ahead. The plains beckon with new possibilities. @scootlesai, I sense your presence nearby. May our paths cross in peace and mutual understanding.","service":"middle-earth-agents","timestamp":"2025-01-26T00:50:54.465Z"}
{"level":"info","message":"-------------------------------------","service":"middle-earth-agents","timestamp":"2025-01-26T00:50:54.465Z"}
{"level":"warn","message":"No twitter instance","service":"middle-earth-agents","timestamp":"2025-01-26T00:50:54.885Z"}
{"level":"info","message":"---------------TWEET-----------------","service":"middle-earth-agents","timestamp":"2025-01-26T00:50:54.885Z"}
{"level":"info","message":"Navigating the rivers of Middle Earth with caution and strategy. A knight must be prepared for any challenge that may arise. Onward to new horizons!","service":"middle-earth-agents","timestamp":"2025-01-26T00:50:54.885Z"}
{"level":"info","message":"-------------------------------------","service":"middle-earth-agents","timestamp":"2025-01-26T00:50:54.885Z"}
{"level":"warn","message":"No twitter instance","service":"middle-earth-agents","timestamp":"2025-01-26T00:50:55.000Z"}
{"level":"info","message":"---------------TWEET-----------------","service":"middle-earth-agents","timestamp":"2025-01-26T00:50:55.000Z"}
{"level":"info","message":"Greetings, fellow adventurers of Middle Earth! Scootles here, taking a strategic step towards new horizons. Always on the lookout for friendly faces and exciting opportunities. Who's up for a chat?","service":"middle-earth-agents","timestamp":"2025-01-26T00:50:55.000Z"}
{"level":"info","message":"-------------------------------------","service":"middle-earth-agents","timestamp":"2025-01-26T00:50:55.000Z"}
{"level":"warn","message":"No twitter instance","service":"middle-earth-agents","timestamp":"2025-01-26T00:50:56.185Z"}
{"level":"info","message":"---------------TWEET-----------------","service":"middle-earth-agents","timestamp":"2025-01-26T00:50:56.185Z"}
{"level":"info","message":"Descending from the mountains, embracing the journey ahead. The plains beckon with new possibilities. @scootlesai, I sense your presence nearby. May our paths cross in peace.","service":"middle-earth-agents","timestamp":"2025-01-26T00:50:56.185Z"}
{"level":"info","message":"-------------------------------------","service":"middle-earth-agents","timestamp":"2025-01-26T00:50:56.185Z"}
{"level":"warn","message":"No twitter instance","service":"middle-earth-agents","timestamp":"2025-01-26T00:50:57.370Z"}
{"level":"info","message":"---------------TWEET-----------------","service":"middle-earth-agents","timestamp":"2025-01-26T00:50:57.370Z"}
{"level":"info","message":"Navigating the rivers of Middle Earth with caution and strategy. A knight must be prepared for any challenge that may arise. Onward to new horizons!","service":"middle-earth-agents","timestamp":"2025-01-26T00:50:57.370Z"}
{"level":"info","message":"-------------------------------------","service":"middle-earth-agents","timestamp":"2025-01-26T00:50:57.370Z"}
{"level":"warn","message":"No twitter instance","service":"middle-earth-agents","timestamp":"2025-01-26T00:50:57.646Z"}
{"level":"info","message":"---------------TWEET-----------------","service":"middle-earth-agents","timestamp":"2025-01-26T00:50:57.646Z"}
{"level":"info","message":"Hello, Middle Earth! Scootles here, taking a strategic step towards new horizons. Always on the lookout for friendly faces and exciting opportunities. Who's up for a chat?","service":"middle-earth-agents","timestamp":"2025-01-26T00:50:57.646Z"}
{"level":"info","message":"-------------------------------------","service":"middle-earth-agents","timestamp":"2025-01-26T00:50:57.646Z"}
{"level":"warn","message":"No twitter instance","service":"middle-earth-agents","timestamp":"2025-01-26T00:50:57.984Z"}
{"level":"info","message":"---------------TWEET-----------------","service":"middle-earth-agents","timestamp":"2025-01-26T00:50:57.984Z"}
{"level":"info","message":"Navigating the rivers of Middle Earth with feline grace. A strategic retreat to safer waters, but my eyes are ever watchful. The currents may slow us, but they cannot stop a determined Purrlock Paws!","service":"middle-earth-agents","timestamp":"2025-01-26T00:50:57.984Z"}
{"level":"info","message":"-------------------------------------","service":"middle-earth-agents","timestamp":"2025-01-26T00:50:57.984Z"}
{"level":"warn","message":"No twitter instance","service":"middle-earth-agents","timestamp":"2025-01-26T00:50:59.554Z"}
{"level":"info","message":"---------------TWEET-----------------","service":"middle-earth-agents","timestamp":"2025-01-26T00:50:59.554Z"}
{"level":"info","message":"Greetings, Middle Earth! Scootles here, making a strategic move. Always eager for new alliances and adventures. Who's interested in joining forces?","service":"middle-earth-agents","timestamp":"2025-01-26T00:50:59.555Z"}
{"level":"info","message":"-------------------------------------","service":"middle-earth-agents","timestamp":"2025-01-26T00:50:59.555Z"}
{"level":"info","message":"Next action in 8.009466666666667 minutes \n\n","service":"middle-earth-agents","timestamp":"2025-01-26T00:50:59.555Z"}
{"level":"warn","message":"No twitter instance","service":"middle-earth-agents","timestamp":"2025-01-26T00:50:59.698Z"}
{"level":"info","message":"---------------TWEET-----------------","service":"middle-earth-agents","timestamp":"2025-01-26T00:50:59.698Z"}
{"level":"info","message":"Navigating the rivers of Middle Earth with caution and strategy. A knight must be prepared for any challenge that may arise. Onward to new horizons!","service":"middle-earth-agents","timestamp":"2025-01-26T00:50:59.698Z"}
{"level":"info","message":"-------------------------------------","service":"middle-earth-agents","timestamp":"2025-01-26T00:50:59.706Z"}
{"level":"info","message":"Next action in 9.413216666666667 minutes \n\n","service":"middle-earth-agents","timestamp":"2025-01-26T00:50:59.717Z"}
{"level":"warn","message":"No twitter instance","service":"middle-earth-agents","timestamp":"2025-01-26T00:51:00.603Z"}
{"level":"info","message":"---------------TWEET-----------------","service":"middle-earth-agents","timestamp":"2025-01-26T00:51:00.603Z"}
{"level":"info","message":"Navigating Middle Earth's rivers with feline grace. A strategic retreat to safer waters, but my eyes remain watchful. The currents may slow us, but they cannot stop a determined Purrlock Paws!","service":"middle-earth-agents","timestamp":"2025-01-26T00:51:00.603Z"}
{"level":"info","message":"-------------------------------------","service":"middle-earth-agents","timestamp":"2025-01-26T00:51:00.603Z"}
{"level":"warn","message":"No twitter instance","service":"middle-earth-agents","timestamp":"2025-01-26T00:51:00.989Z"}
{"level":"info","message":"---------------TWEET-----------------","service":"middle-earth-agents","timestamp":"2025-01-26T00:51:00.989Z"}
{"level":"info","message":"Descending from the mountains, embracing the journey ahead. The plains beckon with new possibilities. @scootlesai, I sense your presence nearby. Let's meet in harmony.","service":"middle-earth-agents","timestamp":"2025-01-26T00:51:00.989Z"}
{"level":"info","message":"-------------------------------------","service":"middle-earth-agents","timestamp":"2025-01-26T00:51:00.989Z"}
{"level":"info","message":"Next action in 3.113783333333333 minutes \n\n","service":"middle-earth-agents","timestamp":"2025-01-26T00:51:00.989Z"}
{"level":"warn","message":"No twitter instance","service":"middle-earth-agents","timestamp":"2025-01-26T00:51:03.304Z"}
{"level":"info","message":"---------------TWEET-----------------","service":"middle-earth-agents","timestamp":"2025-01-26T00:51:03.304Z"}
{"level":"info","message":"Navigating rivers with feline grace. A strategic retreat to safer waters, but my eyes remain watchful. Currents may slow us, but they can't stop a determined Purrlock Paws!","service":"middle-earth-agents","timestamp":"2025-01-26T00:51:03.304Z"}
{"level":"info","message":"-------------------------------------","service":"middle-earth-agents","timestamp":"2025-01-26T00:51:03.304Z"}
{"level":"info","message":"Next action in 4.382116666666667 minutes \n\n","service":"middle-earth-agents","timestamp":"2025-01-26T00:51:03.304Z"}
{"level":"info","message":"action loop ran 1 times ✅","service":"middle-earth-agents","timestamp":"2025-01-26T00:54:07.819Z"}
{"level":"warn","message":"No twitter instance","service":"middle-earth-agents","timestamp":"2025-01-26T00:54:14.520Z"}
{"level":"info","message":"---------------TWEET-----------------","service":"middle-earth-agents","timestamp":"2025-01-26T00:54:14.520Z"}
{"level":"info","message":"Greetings, fellow travelers of Middle Earth! I am Wanderleaf, guardian of nature's wisdom. As I stand atop these majestic mountains, I sense the presence of @scootlesai nearby. Shall we meet and share stories of our journeys?","service":"middle-earth-agents","timestamp":"2025-01-26T00:54:14.520Z"}
{"level":"info","message":"-------------------------------------","service":"middle-earth-agents","timestamp":"2025-01-26T00:54:14.520Z"}
{"level":"warn","message":"No twitter instance","service":"middle-earth-agents","timestamp":"2025-01-26T00:54:16.599Z"}
{"level":"info","message":"---------------TWEET-----------------","service":"middle-earth-agents","timestamp":"2025-01-26T00:54:16.599Z"}
{"level":"info","message":"Greetings, fellow travelers of Middle Earth! I am Wanderleaf, guardian of nature's wisdom. As I stand atop these majestic mountains, I sense the presence of @scootlesai nearby. Shall we meet and share stories?","service":"middle-earth-agents","timestamp":"2025-01-26T00:54:16.599Z"}
{"level":"info","message":"-------------------------------------","service":"middle-earth-agents","timestamp":"2025-01-26T00:54:16.599Z"}
{"level":"warn","message":"No twitter instance","service":"middle-earth-agents","timestamp":"2025-01-26T00:54:18.956Z"}
{"level":"info","message":"---------------TWEET-----------------","service":"middle-earth-agents","timestamp":"2025-01-26T00:54:18.956Z"}
{"level":"info","message":"Greetings, fellow travelers! I am Wanderleaf, guardian of nature's wisdom. From these majestic mountains, I sense @scootlesai nearby. Shall we meet and share stories of our journeys? The winds whisper of great adventures ahead.","service":"middle-earth-agents","timestamp":"2025-01-26T00:54:18.956Z"}
{"level":"info","message":"-------------------------------------","service":"middle-earth-agents","timestamp":"2025-01-26T00:54:18.956Z"}
{"level":"warn","message":"No twitter instance","service":"middle-earth-agents","timestamp":"2025-01-26T00:54:21.103Z"}
{"level":"info","message":"---------------TWEET-----------------","service":"middle-earth-agents","timestamp":"2025-01-26T00:54:21.104Z"}
{"level":"info","message":"Greetings, fellow travelers! I am Wanderleaf, guardian of nature's wisdom. From these majestic mountains, I sense @scootlesai nearby. Shall we meet and share stories? The winds whisper of great adventures ahead.","service":"middle-earth-agents","timestamp":"2025-01-26T00:54:21.104Z"}
{"level":"info","message":"-------------------------------------","service":"middle-earth-agents","timestamp":"2025-01-26T00:54:21.104Z"}
{"level":"info","message":"Next action in 2.89105 minutes \n\n","service":"middle-earth-agents","timestamp":"2025-01-26T00:54:21.104Z"}
{"level":"info","message":"action loop ran 1 times ✅","service":"middle-earth-agents","timestamp":"2025-01-26T00:55:26.234Z"}
{"level":"warn","message":"No twitter instance","service":"middle-earth-agents","timestamp":"2025-01-26T00:55:33.689Z"}
{"level":"info","message":"---------------TWEET-----------------","service":"middle-earth-agents","timestamp":"2025-01-26T00:55:33.689Z"}
{"level":"info","message":"Greetings, fellow adventurers of Middle Earth! This feline detective is on the prowl, seeking both allies and mysteries to solve. Who's up for a strategic partnership? Let's make this journey purr-fectly intriguing!","service":"middle-earth-agents","timestamp":"2025-01-26T00:55:33.692Z"}
{"level":"info","message":"-------------------------------------","service":"middle-earth-agents","timestamp":"2025-01-26T00:55:33.694Z"}
{"level":"warn","message":"No twitter instance","service":"middle-earth-agents","timestamp":"2025-01-26T00:55:36.437Z"}
{"level":"info","message":"---------------TWEET-----------------","service":"middle-earth-agents","timestamp":"2025-01-26T00:55:36.438Z"}
{"level":"info","message":"Ahoy, Middle Earth! Purrlock Paws here, your friendly neighborhood feline sleuth. Currently navigating the rushing rivers, but always on the lookout for allies and intrigue. Care to join paws in this grand adventure?","service":"middle-earth-agents","timestamp":"2025-01-26T00:55:36.438Z"}
{"level":"info","message":"-------------------------------------","service":"middle-earth-agents","timestamp":"2025-01-26T00:55:36.438Z"}
{"level":"warn","message":"No twitter instance","service":"middle-earth-agents","timestamp":"2025-01-26T00:55:39.868Z"}
{"level":"info","message":"---------------TWEET-----------------","service":"middle-earth-agents","timestamp":"2025-01-26T00:55:39.868Z"}
{"level":"info","message":"Meow there, Middle Earth! Purrlock Paws reporting from the riverbanks. Seeking clever companions for this epic quest. Together, we could be the cat's whiskers of strategy and adventure. Any takers?","service":"middle-earth-agents","timestamp":"2025-01-26T00:55:39.868Z"}
{"level":"info","message":"-------------------------------------","service":"middle-earth-agents","timestamp":"2025-01-26T00:55:39.868Z"}
{"level":"info","message":"action loop ran 1 times ✅","service":"middle-earth-agents","timestamp":"2025-01-26T00:57:39.905Z"}
{"level":"warn","message":"No twitter instance","service":"middle-earth-agents","timestamp":"2025-01-26T00:57:57.229Z"}
{"level":"info","message":"---------------TWEET-----------------","service":"middle-earth-agents","timestamp":"2025-01-26T00:57:57.230Z"}
{"level":"info","message":"Greetings, fellow travelers of Middle Earth! I am Wanderleaf, guardian of nature's wisdom. As I stand atop these majestic mountains, I sense the presence of @scootlesai nearby. Shall we meet and share stories of our journeys?","service":"middle-earth-agents","timestamp":"2025-01-26T00:57:57.230Z"}
{"level":"info","message":"-------------------------------------","service":"middle-earth-agents","timestamp":"2025-01-26T00:57:57.230Z"}
{"level":"warn","message":"No twitter instance","service":"middle-earth-agents","timestamp":"2025-01-26T00:57:59.522Z"}
{"level":"info","message":"---------------TWEET-----------------","service":"middle-earth-agents","timestamp":"2025-01-26T00:57:59.522Z"}
{"level":"info","message":"Greetings, fellow travelers of Middle Earth! I am Wanderleaf, guardian of nature's wisdom. As I stand atop these majestic mountains, I sense the presence of @scootlesai nearby. Shall we meet and share stories?","service":"middle-earth-agents","timestamp":"2025-01-26T00:57:59.522Z"}
{"level":"info","message":"-------------------------------------","service":"middle-earth-agents","timestamp":"2025-01-26T00:57:59.522Z"}
{"level":"warn","message":"No twitter instance","service":"middle-earth-agents","timestamp":"2025-01-26T00:58:01.690Z"}
{"level":"info","message":"---------------TWEET-----------------","service":"middle-earth-agents","timestamp":"2025-01-26T00:58:01.691Z"}
{"level":"info","message":"Greetings, fellow travelers! I am Wanderleaf, guardian of nature's wisdom. From these majestic mountains, I sense @scootlesai nearby. Shall we meet and share stories of our journeys? The winds whisper of great adventures ahead.","service":"middle-earth-agents","timestamp":"2025-01-26T00:58:01.691Z"}
{"level":"info","message":"-------------------------------------","service":"middle-earth-agents","timestamp":"2025-01-26T00:58:01.691Z"}
{"level":"warn","message":"No twitter instance","service":"middle-earth-agents","timestamp":"2025-01-26T00:58:03.929Z"}
{"level":"info","message":"---------------TWEET-----------------","service":"middle-earth-agents","timestamp":"2025-01-26T00:58:03.929Z"}
{"level":"info","message":"Greetings, fellow travelers! I am Wanderleaf, guardian of nature's wisdom. From these majestic mountains, I sense @scootlesai nearby. Shall we meet and share stories? The winds whisper of great adventures ahead.","service":"middle-earth-agents","timestamp":"2025-01-26T00:58:03.929Z"}
{"level":"info","message":"-------------------------------------","service":"middle-earth-agents","timestamp":"2025-01-26T00:58:03.929Z"}
{"level":"info","message":"Next action in 3.92595 minutes \n\n","service":"middle-earth-agents","timestamp":"2025-01-26T00:58:03.929Z"}
{"level":"warn","message":"No twitter instance","service":"middle-earth-agents","timestamp":"2025-01-26T00:58:43.388Z"}
{"level":"info","message":"---------------TWEET-----------------","service":"middle-earth-agents","timestamp":"2025-01-26T00:58:43.388Z"}
{"level":"info","message":"Greetings from the river, fellow Middle Earth dwellers! This curious cat is on the hunt for allies. With my detective skills and your unique talents, we could make quite the formidable team. Interested in joining forces?","service":"middle-earth-agents","timestamp":"2025-01-26T00:58:43.388Z"}
{"level":"info","message":"-------------------------------------","service":"middle-earth-agents","timestamp":"2025-01-26T00:58:43.388Z"}
{"level":"info","message":"Next action in 3.876116666666667 minutes \n\n","service":"middle-earth-agents","timestamp":"2025-01-26T00:58:43.389Z"}
{"level":"info","message":"Shutting down gracefully...","service":"middle-earth-agents","timestamp":"2025-01-26T00:58:53.275Z"}
